<?xml version="1.0" encoding="UTF-8"?>
<!-- Generated by org.testng.reporters.JUnitReportReporter -->
<testsuite hostname="JANARDHAN-PC" failures="0" tests="3" name="dec8.FirstTestNGClass1" time="19.757" errors="0" timestamp="2023-02-04T14:08:15 IST" skipped="0">
  <testcase classname="dec8.FirstTestNGClass1" name="users" time="1.206"/>
  <system-out>
    <![CDATA[executing users test]]>
  </system-out>
  <testcase classname="dec8.FirstTestNGClass1" name="roles" time="4.641"/>
  <system-out>
    <![CDATA[executing roles test]]>
  </system-out>
  <testcase classname="dec8.FirstTestNGClass1" name="branches" time="13.910"/>
  <system-out>
    <![CDATA[executing branch test]]>
  </system-out>
</testsuite> <!-- dec8.FirstTestNGClass1 -->
