<?xml version="1.0" encoding="UTF-8"?>
<!-- Generated by org.testng.reporters.JUnitReportReporter -->
<testsuite hostname="JANARDHAN-PC" failures="0" tests="1" name="dec13.Demo1" time="13.042" errors="0" timestamp="2023-02-04T16:48:11 IST" skipped="0">
  <testcase classname="dec13.Demo1" name="verifyTitle" time="13.042"/>
  <system-out/>
</testsuite> <!-- dec13.Demo1 -->
