<?xml version="1.0" encoding="UTF-8"?>
<!-- Generated by org.testng.reporters.JUnitReportReporter -->
<testsuite hostname="JANARDHAN-PC" failures="0" tests="1" name="dec13.PropertyFile" time="71.205" errors="0" timestamp="2023-02-04T16:07:56 IST" skipped="0">
  <testcase classname="dec13.PropertyFile" name="login" time="71.205"/>
  <system-out/>
</testsuite> <!-- dec13.PropertyFile -->
