<?xml version="1.0" encoding="UTF-8"?>
<!-- Generated by org.testng.reporters.JUnitReportReporter -->
<testsuite hostname="JANARDHAN-PC" failures="0" tests="1" name="dec17.Validateregister_1" time="49.922" errors="0" timestamp="2023-02-08T15:44:48 IST" skipped="0">
  <testcase classname="dec17.Validateregister_1" name="startTest" time="49.922"/>
  <system-out>
    <![CDATA[no of rows are::6]]>
  </system-out>
</testsuite> <!-- dec17.Validateregister_1 -->
