<?xml version="1.0" encoding="UTF-8"?>
<!-- Generated by org.testng.reporters.JUnitReportReporter -->
<testsuite hostname="JANARDHAN-PC" failures="0" tests="1" name="dec13.PropertyFile1" time="22.240" errors="0" timestamp="2023-02-04T16:20:42 IST" skipped="0">
  <testcase classname="dec13.PropertyFile1" name="ligin" time="22.240"/>
  <system-out/>
</testsuite> <!-- dec13.PropertyFile1 -->
