<?xml version="1.0" encoding="UTF-8"?>
<!-- Generated by org.testng.reporters.JUnitReportReporter -->
<testsuite hostname="JANARDHAN-PC" failures="0" tests="3" name="dec8.SecondTestNGClass301" time="117.534" errors="0" timestamp="2023-02-04T14:08:15 IST" skipped="0">
  <testcase classname="dec8.SecondTestNGClass301" name="adition" time="35.072"/>
  <system-out>
    <![CDATA[Executing Addtion test]]>
  </system-out>
  <testcase classname="dec8.SecondTestNGClass301" name="multipliation" time="41.180"/>
  <system-out>
    <![CDATA[Executing multipliation test]]>
  </system-out>
  <testcase classname="dec8.SecondTestNGClass301" name="division" time="41.282"/>
  <system-out>
    <![CDATA[Executing Division test]]>
  </system-out>
</testsuite> <!-- dec8.SecondTestNGClass301 -->
