<?xml version="1.0" encoding="UTF-8"?>
<!-- Generated by org.testng.reporters.JUnitReportReporter -->
<testsuite hostname="JANARDHAN-PC" failures="0" tests="3" name="dec8.FirstTestNGClass" time="19.936" errors="0" timestamp="2023-02-04T14:08:15 IST" skipped="0">
  <testcase classname="dec8.FirstTestNGClass" name="roles" time="4.458"/>
  <system-out>
    <![CDATA[executing roles Test]]>
  </system-out>
  <testcase classname="dec8.FirstTestNGClass" name="users" time="1.314"/>
  <system-out>
    <![CDATA[executing users Test]]>
  </system-out>
  <testcase classname="dec8.FirstTestNGClass" name="branches" time="14.164"/>
  <system-out>
    <![CDATA[executing Branch Test]]>
  </system-out>
</testsuite> <!-- dec8.FirstTestNGClass -->
